Arguments: 
  /home/jamadeu/.nvm/versions/node/v12.16.1/bin/node /usr/share/yarn/bin/yarn.js add -D ts-node-env

PATH: 
  /home/jamadeu/.yarn/bin:/home/jamadeu/.config/yarn/global/node_modules/.bin:/home/jamadeu/.yarn/bin:/home/jamadeu/.config/yarn/global/node_modules/.bin:/home/jamadeu/.nvm/versions/node/v12.16.1/bin:/home/jamadeu/.zinit/polaris/bin:/usr/local/sbin:/usr/local/bin:/usr/sbin:/usr/bin:/sbin:/bin:/usr/games:/usr/local/games:/snap/bin:/home/jamadeu/Android/Sdk/tools:/home/jamadeu/Android/Sdk/platform-tools:/home/jamadeu/android-studio/bin:/home/jamadeu/Android/Sdk/tools:/home/jamadeu/Android/Sdk/platform-tools:/home/jamadeu/android-studio/bin

Yarn version: 
  1.22.4

Node version: 
  12.16.1

Platform: 
  linux x64

Trace: 
  Error: https://registry.yarnpkg.com/ts-node-env: Not found
      at Request.params.callback [as _callback] (/usr/share/yarn/lib/cli.js:66987:18)
      at Request.self.callback (/usr/share/yarn/lib/cli.js:140748:22)
      at Request.emit (events.js:311:20)
      at Request.<anonymous> (/usr/share/yarn/lib/cli.js:141720:10)
      at Request.emit (events.js:311:20)
      at IncomingMessage.<anonymous> (/usr/share/yarn/lib/cli.js:141642:12)
      at Object.onceWrapper (events.js:417:28)
      at IncomingMessage.emit (events.js:323:22)
      at endReadableNT (_stream_readable.js:1204:12)
      at processTicksAndRejections (internal/process/task_queues.js:84:21)

npm manifest: 
  {
    "name": "backend",
    "version": "1.0.0",
    "main": "index.js",
    "author": "jamadeu <jean.amadeu2@gmail.com>",
    "license": "MIT",
    "devDependencies": {
      "typescript": "^3.8.3"
    }
  }

yarn manifest: 
  No manifest

Lockfile: 
  # THIS IS AN AUTOGENERATED FILE. DO NOT EDIT THIS FILE DIRECTLY.
  # yarn lockfile v1
  
  
  typescript@^3.8.3:
    version "3.8.3"
    resolved "https://registry.yarnpkg.com/typescript/-/typescript-3.8.3.tgz#409eb8544ea0335711205869ec458ab109ee1061"
    integrity sha512-MYlEfn5VrLNsgudQTVJeNaQFUAI7DkhnOjdpAp4T+ku1TfQClewlbSuTVHiA+8skNBgaf02TL/kLOvig4y3G8w==
